#! /usr/bin/vvp
:ivl_version "12.0 (stable)";
:ivl_delay_selection "TYPICAL";
:vpi_time_precision - 12;
:vpi_module "/usr/lib64/ivl/system.vpi";
:vpi_module "/usr/lib64/ivl/vhdl_sys.vpi";
:vpi_module "/usr/lib64/ivl/vhdl_textio.vpi";
:vpi_module "/usr/lib64/ivl/v2005_math.vpi";
:vpi_module "/usr/lib64/ivl/va_math.vpi";
S_0xaaab3ae76030 .scope module, "tb_t_mux" "tb_t_mux" 2 2;
 .timescale -9 -12;
v0xaaab3ae9b200_0 .var "i0", 0 0;
v0xaaab3ae9b2c0_0 .var "i1", 0 0;
v0xaaab3ae9b390_0 .var "sel", 0 0;
v0xaaab3ae9b490_0 .net "y", 0 0, v0xaaab3ae9b090_0;  1 drivers
S_0xaaab3ae89640 .scope module, "uut" "t_mux" 2 9, 3 1 0, S_0xaaab3ae76030;
 .timescale 0 0;
    .port_info 0 /INPUT 1 "i0";
    .port_info 1 /INPUT 1 "i1";
    .port_info 2 /INPUT 1 "sel";
    .port_info 3 /OUTPUT 1 "y";
v0xaaab3ae898b0_0 .net "i0", 0 0, v0xaaab3ae9b200_0;  1 drivers
v0xaaab3ae9af00_0 .net "i1", 0 0, v0xaaab3ae9b2c0_0;  1 drivers
v0xaaab3ae9afc0_0 .net "sel", 0 0, v0xaaab3ae9b390_0;  1 drivers
v0xaaab3ae9b090_0 .var "y", 0 0;
E_0xaaab3ae889a0 .event anyedge, v0xaaab3ae9afc0_0, v0xaaab3ae9af00_0, v0xaaab3ae898b0_0;
    .scope S_0xaaab3ae89640;
T_0 ;
    %wait E_0xaaab3ae889a0;
    %load/vec4 v0xaaab3ae9afc0_0;
    %flag_set/vec4 8;
    %jmp/0xz  T_0.0, 8;
    %load/vec4 v0xaaab3ae9af00_0;
    %assign/vec4 v0xaaab3ae9b090_0, 0;
    %jmp T_0.1;
T_0.0 ;
    %load/vec4 v0xaaab3ae898b0_0;
    %assign/vec4 v0xaaab3ae9b090_0, 0;
T_0.1 ;
    %jmp T_0;
    .thread T_0, $push;
    .scope S_0xaaab3ae76030;
T_1 ;
    %vpi_call 2 17 "$dumpfile", "tb_t_mux.vcd" {0 0 0};
    %vpi_call 2 18 "$dumpvars", 32'sb00000000000000000000000000000000, S_0xaaab3ae76030 {0 0 0};
    %pushi/vec4 0, 0, 1;
    %store/vec4 v0xaaab3ae9b390_0, 0, 1;
    %pushi/vec4 0, 0, 1;
    %store/vec4 v0xaaab3ae9b200_0, 0, 1;
    %pushi/vec4 0, 0, 1;
    %store/vec4 v0xaaab3ae9b2c0_0, 0, 1;
    %delay 300000, 0;
    %vpi_call 2 23 "$finish" {0 0 0};
    %end;
    .thread T_1;
    .scope S_0xaaab3ae76030;
T_2 ;
    %delay 75000, 0;
    %load/vec4 v0xaaab3ae9b390_0;
    %inv;
    %store/vec4 v0xaaab3ae9b390_0, 0, 1;
    %jmp T_2;
    .thread T_2;
    .scope S_0xaaab3ae76030;
T_3 ;
    %delay 10000, 0;
    %load/vec4 v0xaaab3ae9b200_0;
    %inv;
    %store/vec4 v0xaaab3ae9b200_0, 0, 1;
    %jmp T_3;
    .thread T_3;
    .scope S_0xaaab3ae76030;
T_4 ;
    %delay 55000, 0;
    %load/vec4 v0xaaab3ae9b2c0_0;
    %inv;
    %store/vec4 v0xaaab3ae9b2c0_0, 0, 1;
    %jmp T_4;
    .thread T_4;
# The file index is used to find the file name in the following table.
:file_names 4;
    "N/A";
    "<interactive>";
    "tb_t_mux.v";
    "t_mux.v";
